"../../../Beach/Content/Textures/Effects/Lightshaft.uasset" 0
"../../../Beach/Content/Materials/Effects/lightshaft.uasset" 1
"../../../Beach/Content/Models/Effects/lightshaft.uasset" 2
"../../../Beach/Content/Effects/Lighthouse_Light.uasset" 3
"../../../Beach/Content/Textures/Terrain/Grass_LayerInfo.uasset" 4
"../../../Beach/Content/Textures/Terrain/Mud_LayerInfo.uasset" 5
"../../../Beach/Content/Textures/Terrain/Rock_LayerInfo.uasset" 6
"../../../Beach/Content/Textures/Terrain/Wet_LayerInfo.uasset" 7
"../../../Engine/Content/Functions/Engine_MaterialFunctions01/Opacity/CameraDepthFade.uasset" 8
"../../../Engine/Content/EngineMaterials/T_Default_Material_Grid_M.uasset" 9
"../../../Engine/Content/EngineMaterials/T_Default_Material_Grid_N.uasset" 10
"../../../Engine/Content/EngineMaterials/WorldGridMaterial.uasset" 11
"../../../Beach/Content/Textures/Buildings/Lighthouse_Capita_albedo.uasset" 12
"../../../Beach/Content/Textures/Buildings/Lighthouse_Capita_ao.uasset" 13
"../../../Beach/Content/Textures/Buildings/Lighthouse_Capita_metallic.uasset" 14
"../../../Beach/Content/Textures/Buildings/Lighthouse_Capita_normal.uasset" 15
"../../../Beach/Content/Textures/Buildings/Lighthouse_Capita_opacity.uasset" 16
"../../../Beach/Content/Textures/Buildings/Lighthouse_Capita_roughness.uasset" 17
"../../../Beach/Content/Materials/Buildings/Lighthouse_Window_Frames.uasset" 18
"../../../Beach/Content/Materials/Effects/lightshaft_headlights.uasset" 19
"../../../Beach/Content/Textures/Foliage/pine_bark_ALBEDO.uasset" 20
"../../../Beach/Content/Textures/Foliage/pine_bark_DISP.uasset" 21
"../../../Beach/Content/Textures/Foliage/pine_bark_NOR.uasset" 22
"../../../Beach/Content/Textures/Rocks/Moss_albedo.uasset" 23
"../../../Beach/Content/Textures/Rocks/Moss_BLEND.uasset" 24
"../../../Beach/Content/Materials/Foliage/Pine_Bark.uasset" 25
"../../../Engine/Content/Functions/Engine_MaterialFunctions02/Utility/MakeFloat3.uasset" 26
"../../../Engine/Content/EditorMaterials/Cascade/CASC_Cross.uasset" 27
"../../../Engine/Content/EditorMaterials/Cascade/CASC_None.uasset" 28
"../../../Engine/Content/Functions/Engine_MaterialFunctions03/Blends/Blend_Difference.uasset" 29
"../../../Beach/Content/Textures/Normal_Turbulence.uasset" 30
"../../../Beach/Content/Textures/RGB_clouds.uasset" 31
"../../../Beach/Content/Textures/Sky_Tex_Tex.uasset" 32
"../../../Beach/Content/Textures/WaterFoam.uasset" 33
"../../../Beach/Content/Models/ocean_test.uasset" 34
"../../../Beach/Content/Materials/Ocean.uasset" 35
"../../../Beach/Content/Textures/Terrain/Grass_albedo.uasset" 36
"../../../Beach/Content/Textures/Terrain/Grass_ao.uasset" 37
"../../../Beach/Content/Textures/Terrain/Grass_normal.uasset" 38
"../../../Beach/Content/Textures/Terrain/Grass_roughness.uasset" 39
"../../../Beach/Content/Textures/Terrain/Ground_Rocks_albedo.uasset" 40
"../../../Beach/Content/Textures/Terrain/Ground_Rocks_normal.uasset" 41
"../../../Beach/Content/Textures/Terrain/Ground_Rocks_roughness.uasset" 42
"../../../Beach/Content/Textures/Terrain/Muddy_Soil_albedo.uasset" 43
"../../../Beach/Content/Textures/Terrain/Muddy_Soil_height.uasset" 44
"../../../Beach/Content/Textures/Terrain/Muddy_Soil_normal.uasset" 45
"../../../Beach/Content/Textures/Terrain/Muddy_Soil_roughness.uasset" 46
"../../../Beach/Content/Materials/Terrain.uasset" 47
"../../../Beach/Content/Materials/Landscape.uasset" 48
"../../../Engine/Content/EngineMaterials/DefaultPhysicalMaterial.uasset" 49
"../../../Beach/Content/Textures/Effects/radial_gradient.uasset" 50
"../../../Beach/Content/Materials/Effects/Exhaust_Smoke.uasset" 51
"../../../Beach/Content/Effects/Car_Exhaust.uasset" 52
"../../../Beach/Content/Materials/Effects/firefly.uasset" 53
"../../../Beach/Content/Effects/Fireflies.uasset" 54
"../../../Beach/Content/Materials/Effects/Fog_cloud_particle.uasset" 55
"../../../Beach/Content/Effects/Fog.uasset" 56
"../../../Beach/Content/Materials/Effects/lightbug.uasset" 57
"../../../Beach/Content/Effects/Lightbugs.uasset" 58
"../../../Beach/Content/Textures/Effects/needle.uasset" 59
"../../../Beach/Content/Materials/Effects/needle.uasset" 60
"../../../Beach/Content/Effects/Needles.uasset" 61
"../../../Engine/Content/Functions/Engine_MaterialFunctions02/Utility/BreakOutFloat3Components.uasset" 62
"../../../Beach/Content/Textures/Buildings/blend_wide.uasset" 63
"../../../Beach/Content/Textures/Buildings/Bricks_BLEND.uasset" 64
"../../../Beach/Content/Textures/Buildings/Bricks_PAINT_albedo.uasset" 65
"../../../Beach/Content/Textures/Buildings/Bricks_RED_albedo.uasset" 66
"../../../Beach/Content/Textures/Buildings/Bricks_RED_ao.uasset" 67
"../../../Beach/Content/Textures/Buildings/Bricks_RED_height.uasset" 68
"../../../Beach/Content/Textures/Buildings/Bricks_RED_normal.uasset" 69
"../../../Beach/Content/Textures/Buildings/Bricks_RED_roughness.uasset" 70
"../../../Beach/Content/Textures/Buildings/v_stripe.uasset" 71
"../../../Beach/Content/Textures/Rocks/Smooth_Rock_albedo.uasset" 72
"../../../Beach/Content/Materials/Buildings/Bricks.uasset" 73
"../../../Engine/Content/Functions/Engine_MaterialFunctions01/Gradient/LinearGradient.uasset" 74
"../../../Engine/Content/Functions/Engine_MaterialFunctions01/ImageAdjustment/CheapContrast.uasset" 75
"../../../Engine/Content/EngineMaterials/DefaultDiffuse.uasset" 76
"../../../Engine/Content/Functions/Engine_MaterialFunctions01/Texturing/WorldAlignedTexture.uasset" 77
"../../../Beach/Content/Textures/Buildings/Lighthouse_Doors_Windows_albedo.uasset" 78
"../../../Beach/Content/Textures/Buildings/Lighthouse_Doors_Windows_emit.uasset" 79
"../../../Beach/Content/Textures/Buildings/Lighthouse_Doors_Windows_metallic.uasset" 80
"../../../Beach/Content/Textures/Buildings/Lighthouse_Doors_Windows_normal.uasset" 81
"../../../Beach/Content/Textures/Buildings/Lighthouse_Doors_Windows_roughness.uasset" 82
"../../../Beach/Content/Textures/Foliage/world_variance.uasset" 83
"../../../Beach/Content/Materials/Buildings/Lighthouse_Doors.uasset" 84
"../../../Beach/Content/Textures/Buildings/Lighthouse_Trim_albedo.uasset" 85
"../../../Beach/Content/Textures/Buildings/Lighthouse_Trim_ao.uasset" 86
"../../../Beach/Content/Textures/Buildings/Lighthouse_Trim_normal.uasset" 87
"../../../Beach/Content/Textures/Buildings/Lighthouse_Trim_roughness.uasset" 88
"../../../Beach/Content/Materials/Buildings/Lighthouse_Trim.uasset" 89
"../../../Beach/Content/Textures/Buildings/Plank_Wall_albedo.uasset" 90
"../../../Beach/Content/Textures/Buildings/Plank_Wall_blend.uasset" 91
"../../../Beach/Content/Textures/Buildings/Plank_Wall_normal.uasset" 92
"../../../Beach/Content/Textures/Buildings/Plank_Wall_Painted_albedo.uasset" 93
"../../../Beach/Content/Textures/Buildings/Plank_Wall_Painted_ao.uasset" 94
"../../../Beach/Content/Textures/Buildings/Plank_Wall_Painted_metallic.uasset" 95
"../../../Beach/Content/Textures/Buildings/Plank_Wall_Painted_normal.uasset" 96
"../../../Beach/Content/Textures/Buildings/Plank_Wall_Painted_roughness.uasset" 97
"../../../Beach/Content/Materials/Buildings/Plank_Wall.uasset" 98
"../../../Beach/Content/Models/Buildings/lighthouse.uasset" 99
"../../../Beach/Content/Materials/Buildings/Lighthouse_Capital.uasset" 100
"../../../Beach/Content/Materials/Buildings/Lighthouse_Capital_Lens.uasset" 101
"../../../Beach/Content/Materials/Buildings/Lighthouse_Capital_Windows.uasset" 102
"../../../Beach/Content/Models/Buildings/lighthouse_capital.uasset" 103
"../../../Beach/Content/Textures/Buildings/Rooftiles_albedo.uasset" 104
"../../../Beach/Content/Textures/Buildings/Rooftiles_ao.uasset" 105
"../../../Beach/Content/Textures/Buildings/Rooftiles_Bare_albedo.uasset" 106
"../../../Beach/Content/Textures/Buildings/Rooftiles_height.uasset" 107
"../../../Beach/Content/Textures/Buildings/Rooftiles_normal.uasset" 108
"../../../Beach/Content/Textures/Buildings/Rooftiles_roughness.uasset" 109
"../../../Beach/Content/Materials/Buildings/Rooftiles.uasset" 110
"../../../Beach/Content/Models/Buildings/shed.uasset" 111
"../../../Beach/Content/Textures/Buildings/Shed_Door_albedo.uasset" 112
"../../../Beach/Content/Textures/Buildings/Shed_Door_normal.uasset" 113
"../../../Beach/Content/Textures/Buildings/Shed_Door_roughness.uasset" 114
"../../../Beach/Content/Materials/Buildings/Shed_Door.uasset" 115
"../../../Beach/Content/Models/Buildings/shed_door.uasset" 116
"../../../Beach/Content/Textures/Effects/dusk_skybox.uasset" 117
"../../../Beach/Content/Materials/Effects/Sky.uasset" 118
"../../../Beach/Content/Models/Effects/skybox_sphere.uasset" 119
"../../../Beach/Content/Textures/Props/Tiretracks_albedo.uasset" 120
"../../../Beach/Content/Textures/Props/tiretracks_alpha.uasset" 121
"../../../Beach/Content/Textures/Props/Tiretracks_normal.uasset" 122
"../../../Beach/Content/Textures/Props/Tiretracks_roughness.uasset" 123
"../../../Beach/Content/Textures/Props/Tiretracks_specular.uasset" 124
"../../../Beach/Content/Materials/Props/Tiretracks.uasset" 125
"../../../Beach/Content/Models/Effects/tire_tracks.uasset" 126
"../../../Beach/Content/Textures/Foliage/flowers.uasset" 127
"../../../Beach/Content/Materials/Foliage/Flowers.uasset" 128
"../../../Beach/Content/Textures/Foliage/grass_fluff_ALBEDO.uasset" 129
"../../../Beach/Content/Textures/Foliage/grass_fluff_NOR.uasset" 130
"../../../Beach/Content/Textures/Foliage/grass_rough.uasset" 131
"../../../Beach/Content/Materials/Foliage/Grass_fluff.uasset" 132
"../../../Beach/Content/Models/Foliage/flowers_1.uasset" 133
"../../../Beach/Content/Models/Foliage/flowers_2.uasset" 134
"../../../Engine/Content/Functions/Engine_MaterialFunctions01/WorldPositionOffset/SimpleGrassWind.uasset" 135
"../../../Beach/Content/Textures/Foliage/grass_green.uasset" 136
"../../../Beach/Content/Textures/Foliage/grass_NOR.uasset" 137
"../../../Beach/Content/Textures/Foliage/grass_yellow.uasset" 138
"../../../Beach/Content/Materials/Foliage/Grass.uasset" 139
"../../../Beach/Content/Models/Foliage/grass_1.uasset" 140
"../../../Beach/Content/Models/Foliage/grass_2.uasset" 141
"../../../Beach/Content/Models/Foliage/grass_fluff_1.uasset" 142
"../../../Beach/Content/Models/Foliage/grass_fluff_2.uasset" 143
"../../../Beach/Content/Textures/Foliage/ivy_leaves.uasset" 144
"../../../Beach/Content/Textures/Foliage/ivy_leaves_NOR.uasset" 145
"../../../Beach/Content/Materials/Foliage/Ivy_Leaves.uasset" 146
"../../../Beach/Content/Models/Foliage/Ivy_lighthouse.uasset" 147
"../../../Beach/Content/Textures/Foliage/pine_branches_DIFF.uasset" 148
"../../../Beach/Content/Textures/Foliage/pine_branches_nor.uasset" 149
"../../../Beach/Content/Textures/Foliage/pine_branches_SUB.uasset" 150
"../../../Beach/Content/Materials/Foliage/Pine_Branches.uasset" 151
"../../../Beach/Content/Models/Foliage/tree_1.uasset" 152
"../../../Beach/Content/Models/Foliage/tree_2.uasset" 153
"../../../Beach/Content/Models/Foliage/tree_3.uasset" 154
"../../../Beach/Content/Textures/Props/Beetle_albedo.uasset" 155
"../../../Beach/Content/Textures/Props/Beetle_ao.uasset" 156
"../../../Beach/Content/Textures/Props/Beetle_metallic.uasset" 157
"../../../Beach/Content/Textures/Props/Beetle_normal.uasset" 158
"../../../Beach/Content/Textures/Props/Beetle_roughness.uasset" 159
"../../../Beach/Content/Textures/Props/Beetle_window_mask.uasset" 160
"../../../Beach/Content/Materials/Props/Beetle.uasset" 161
"../../../Beach/Content/Models/Props/beetle.uasset" 162
"../../../Beach/Content/Textures/Props/Lantern_albedo.uasset" 163
"../../../Beach/Content/Textures/Props/Lantern_ao.uasset" 164
"../../../Beach/Content/Textures/Props/Lantern_emissive.uasset" 165
"../../../Beach/Content/Textures/Props/Lantern_metallic.uasset" 166
"../../../Beach/Content/Textures/Props/Lantern_normal.uasset" 167
"../../../Beach/Content/Textures/Props/Lantern_roughness.uasset" 168
"../../../Beach/Content/Materials/Props/Lantern.uasset" 169
"../../../Beach/Content/Models/Props/lantern_2.uasset" 170
"../../../Beach/Content/Textures/Props/Logs_albedo.uasset" 171
"../../../Beach/Content/Textures/Props/Logs_normal.uasset" 172
"../../../Beach/Content/Textures/Props/Logs_roughness.uasset" 173
"../../../Beach/Content/Textures/Props/Logs_specular.uasset" 174
"../../../Beach/Content/Materials/Props/Logs.uasset" 175
"../../../Beach/Content/Models/Props/log_1.uasset" 176
"../../../Beach/Content/Models/Props/log_2.uasset" 177
"../../../Beach/Content/Models/Props/log_3.uasset" 178
"../../../Beach/Content/Models/Props/log_4.uasset" 179
"../../../Beach/Content/Models/Props/logs_stack.uasset" 180
"../../../Beach/Content/Textures/Buildings/Planks_albedo.uasset" 181
"../../../Beach/Content/Textures/Buildings/Planks_normal.uasset" 182
"../../../Beach/Content/Textures/Buildings/Planks_roughness.uasset" 183
"../../../Beach/Content/Materials/Buildings/planks.uasset" 184
"../../../Beach/Content/Models/Props/plank_leaning.uasset" 185
"../../../Beach/Content/Textures/Props/Rowboat_albedo.uasset" 186
"../../../Beach/Content/Textures/Props/Rowboat_normal.uasset" 187
"../../../Beach/Content/Textures/Props/Rowboat_roughness.uasset" 188
"../../../Beach/Content/Materials/Props/Rowboat.uasset" 189
"../../../Beach/Content/Models/Props/rowboat.uasset" 190
"../../../Beach/Content/Textures/Props/TreeStump_albedo.uasset" 191
"../../../Beach/Content/Textures/Props/TreeStump_ao.uasset" 192
"../../../Beach/Content/Textures/Props/TreeStump_normal.uasset" 193
"../../../Beach/Content/Textures/Props/TreeStump_roughness.uasset" 194
"../../../Beach/Content/Textures/Props/TreeStump_specular.uasset" 195
"../../../Beach/Content/Materials/Props/Treestump.uasset" 196
"../../../Beach/Content/Models/Props/treestump.uasset" 197
"../../../Beach/Content/Models/Props/wood_stack.uasset" 198
"../../../Engine/Content/Functions/Engine_MaterialFunctions02/Texturing/WorldPositionWithScale.uasset" 199
"../../../Engine/Content/Functions/Engine_MaterialFunctions02/Utility/LinearSine.uasset" 200
"../../../Beach/Content/Textures/Rocks/Moss_normal.uasset" 201
"../../../Beach/Content/Textures/Rocks/Moss_roughness.uasset" 202
"../../../Beach/Content/Textures/Rocks/Rock_1_AO.uasset" 203
"../../../Beach/Content/Textures/Rocks/Rock_1_DISP.uasset" 204
"../../../Beach/Content/Textures/Rocks/Rock_1_NOR.uasset" 205
"../../../Beach/Content/Textures/Rocks/Smooth_Rock_normal.uasset" 206
"../../../Beach/Content/Textures/Rocks/Smooth_Rock_roughness.uasset" 207
"../../../Beach/Content/Textures/Terrain/Ground_Rocks_height.uasset" 208
"../../../Beach/Content/Models/rOCKS/Rock_1.uasset" 209
"../../../Beach/Content/Materials/Rocks/Rock.uasset" 210
"../../../Beach/Content/Models/rOCKS/pebble_1.uasset" 211
"../../../Beach/Content/Models/rOCKS/pebble_2.uasset" 212
"../../../Beach/Content/Textures/Rocks/Rock_2_AO.uasset" 213
"../../../Beach/Content/Textures/Rocks/Rock_2_DISP.uasset" 214
"../../../Beach/Content/Textures/Rocks/Rock_2_NOR.uasset" 215
"../../../Beach/Content/Materials/Rocks/Rock_2.uasset" 216
"../../../Beach/Content/Models/rOCKS/Rock_2.uasset" 217
"../../../Beach/Content/Textures/Rocks/Rock_3_AO.uasset" 218
"../../../Beach/Content/Textures/Rocks/Rock_3_DISP.uasset" 219
"../../../Beach/Content/Textures/Rocks/Rock_3_NOR.uasset" 220
"../../../Beach/Content/Materials/Rocks/Rock_3.uasset" 221
"../../../Beach/Content/Models/rOCKS/Rock_3.uasset" 222
"../../../Beach/Content/Textures/Effects/color_grading_2.uasset" 223
"../../../Beach/Content/Textures/Effects/dirtmask.uasset" 224
"../../../Beach/Content/LightHouse_Complete.umap" 225
"../../../Engine/Content/EditorResources/S_Actor.uasset" 226
"../../../Engine/Content/Maps/Templates/Thumbnails/Default.uasset" 227
"../../../Engine/Content/EditorMaterials/ParticleSystems/PSysThumbnail_NoImage.uasset" 228
"../../../Engine/Content/EditorMaterials/ParticleSystems/PSysThumbnail_OOD.uasset" 229
"../../../Engine/Content/EditorLandscapeResources/DataLayer.uasset" 230
"../../../Engine/Content/EngineFonts/Roboto.uasset" 231
"../../../Engine/Content/Functions/Engine_MaterialFunctions01/Shading/PowerToRoughness.uasset" 232
"../../../Engine/Content/Functions/Engine_MaterialFunctions01/Shading/ConvertFromDiffSpec.uasset" 233
"../../../Engine/Content/EngineMaterials/DefaultDeferredDecalMaterial.uasset" 234
"../../../Engine/Content/EngineMaterials/DefaultLightFunctionMaterial.uasset" 235
"../../../Engine/Content/Functions/Engine_MaterialFunctions02/Utility/BreakOutFloat2Components.uasset" 236
"../../../Engine/Content/EngineMaterials/DefaultPostProcessMaterial.uasset" 237
"../../../Engine/Content/EngineResources/DefaultTexture.uasset" 238
"../../../Engine/Content/Functions/Engine_MaterialFunctions02/Texturing/ScreenAlignedUVs.uasset" 239
"../../../Engine/Content/EngineResources/WhiteSquareTexture.uasset" 240
"../../../Engine/Content/EngineMaterials/Widget3DPassThrough.uasset" 241
"../../../Engine/Content/EngineMaterials/Widget3DPassThrough_Translucent.uasset" 242
"../../../Engine/Content/EngineMaterials/Widget3DPassThrough_Translucent_OneSided.uasset" 243
"../../../Engine/Content/EngineMaterials/Widget3DPassThrough_Opaque.uasset" 244
"../../../Engine/Content/EngineMaterials/Widget3DPassThrough_Opaque_OneSided.uasset" 245
"../../../Engine/Content/EngineMaterials/Widget3DPassThrough_Masked.uasset" 246
"../../../Engine/Content/EngineMaterials/Widget3DPassThrough_Masked_OneSided.uasset" 247
"../../../Engine/Content/EngineDamageTypes/DmgTypeBP_Environmental.uasset" 248
"../../../Engine/Content/EngineMeshes/Sphere.uasset" 249
"../../../Engine/Content/EngineFonts/RobotoDistanceField.uasset" 250
"../../../Engine/Content/EngineMaterials/DefaultTextMaterialOpaque.uasset" 251
"../../../Engine/Content/EditorResources/S_Trigger.uasset" 252
"../../../Engine/Content/EngineResources/GradientTexture0.uasset" 253
"../../../Engine/Content/EngineResources/Black.uasset" 254
"../../../Engine/Content/EditorMaterials/MatineeGroups/MAT_Groups_Float.uasset" 255
"../../../Engine/Content/EditorMaterials/MatineeGroups/MAT_Groups_Director.uasset" 256
"../../../Engine/Content/EditorMaterials/MatineeGroups/MAT_Groups_Event.uasset" 257
"../../../Engine/Content/EditorMaterials/MatineeGroups/MAT_Groups_Anim.uasset" 258
"../../../Engine/Content/EditorMaterials/MatineeGroups/MAT_Groups_Fade.uasset" 259
"../../../Engine/Content/EditorMaterials/MatineeGroups/MAT_Groups_Move.uasset" 260
"../../../Engine/Content/EditorMaterials/MatineeGroups/MAT_Groups_Slomo.uasset" 261
"../../../Engine/Content/EditorMaterials/MatineeGroups/MAT_ColorTrack.uasset" 262
"../../../Engine/Content/EditorMaterials/MAT_Groups_Toggle.uasset" 263
"../../../Engine/Content/EditorMaterials/MatineeGroups/MAT_Groups_AudioMaster.uasset" 264
"../../../Engine/Content/EditorMaterials/MatineeGroups/MAT_Groups_Sound.uasset" 265
"../../../Engine/Content/EditorMaterials/MatineeGroups/MAT_Groups_Vector.uasset" 266
"../../../Engine/Content/EditorMaterials/MAT_Groups_Visibility.uasset" 267
"../../../Engine/Content/EngineResources/DefaultTextureCube.uasset" 268
"../../../Engine/Content/EngineMaterials/DefaultMaterial.uasset" 269
"../../../Engine/Content/EngineMeshes/Cylinder.uasset" 270
"../../../Engine/Content/EngineTireTypes/DefaultTireType.uasset" 271
"../../../Engine/Content/EngineResources/AICON-Red.uasset" 272
"../../../Engine/Content/EngineResources/AICON-Green.uasset" 273
"../../../Engine/Content/Tutorial/Basics/LevelEditorAttract.uasset" 274
"../../../Engine/Content/Tutorial/Basics/TutorialAssets/icon_tab_Levels_40x.uasset" 275
"../../../Engine/Content/Tutorial/Basics/LevelEditorOverview.uasset" 276
"../../../Engine/Content/Tutorial/Landscape/TutorialAssets/Landscape.uasset" 277
"../../../Engine/Content/Tutorial/Landscape/Landscape_Painting_Mode.uasset" 278
"../../../Engine/Content/Tutorial/Landscape/Landscape_Sculpt_Mode.uasset" 279
"../../../Engine/Content/Tutorial/Landscape/Landscape_Manage_Mode.uasset" 280
"../../../Engine/Content/Tutorial/Foliage/TutorialAssets/Foliage.uasset" 281
"../../../Engine/Content/Tutorial/Foliage/Foliage_Settings_Tutorial.uasset" 282
"../../../Engine/Content/Tutorial/Foliage/Foliage_Using_The_Tool_Tutorial.uasset" 283
"../../../Engine/Content/Tutorial/Foliage/Foliage_Intro_Tutorial.uasset" 284
"../../../Engine/Content/Tutorial/ContentIntroCurve.uasset" 285
"../../../Engine/Plugins/2D/Paper2D/Content/PlaceholderTextures/DummySpriteTexture.uasset" 286
"../../../Engine/Plugins/2D/Paper2D/Content/DefaultSpriteMaterial.uasset" 287
"../../../Engine/Plugins/2D/Paper2D/Content/MaskedUnlitSpriteMaterial.uasset" 288
"../../../Engine/Plugins/2D/Paper2D/Content/OpaqueUnlitSpriteMaterial.uasset" 289
"../../../Engine/Plugins/2D/Paper2D/Content/DummySpriteTexture.uasset" 290
"../../../Engine/Plugins/2D/Paper2D/Content/DummySprite.uasset" 291
"../../../Engine/Plugins/2D/Paper2D/Content/DefaultPaperTerrainMaterial.uasset" 292
"../../../Engine/Plugins/Runtime/LeapMotionController/Content/LM_CapsuleMesh.uasset" 293
"../../../Engine/Plugins/Runtime/LeapMotionController/Content/LM_TorusMesh.uasset" 294
"../../../Engine/Plugins/Runtime/LeapMotionController/Content/LM_HandColor.uasset" 295
"../../../Engine/Plugins/Runtime/LeapMotionController/Content/LM_SampleDistortion.uasset" 296
"../../../Engine/Plugins/Runtime/LeapMotionController/Content/LM_TestTexture.uasset" 297
"../../../Engine/Plugins/Runtime/LeapMotionController/Content/LM_PassthroughMaterial.uasset" 298
"../../../Engine/Content/BasicShapes/Cube.uasset" 299
"../../../Engine/Content/EngineMaterials/RemoveSurfaceMaterial.uasset" 300
"../../../Engine/Content/EngineDebugMaterials/DebugMeshMaterial.uasset" 301
"../../../Engine/Content/EngineMaterials/InvalidLightmapSettings.uasset" 302
"../../../Engine/Content/EngineMaterials/M_InvalidLightmapSettings.uasset" 303
"../../../Engine/Content/EditorMaterials/GizmoMaterial.uasset" 304
"../../../Engine/Content/EngineMaterials/Good64x64TilingNoiseHighFreq.uasset" 305
"../../../Engine/Content/EngineMaterials/DefaultBokeh.uasset" 306
"../../../Engine/Content/EngineMaterials/PreintegratedSkinBRDF.uasset" 307
"../../../Engine/Content/EngineMaterials/MiniFont.uasset" 308
"../../../Engine/Content/EngineMaterials/WeightMapPlaceholderTexture.uasset" 309
"../../../Engine/Content/EngineMaterials/DefaultWhiteGrid.uasset" 310
"../../../Engine/Content/EngineFonts/RobotoTiny.uasset" 311
"../../../Engine/Content/MobileResources/HUD/MobileHUDDirectionPad.uasset" 312
"../../../Engine/Content/MobileResources/HUD/MobileHUDButton3.uasset" 313
"../../../Engine/Content/MobileResources/HUD/MobileHUDButton2_on.uasset" 314
"../../../Engine/Content/MobileResources/HUD/MobileHUDDirectionStick.uasset" 315
"../../../Engine/Content/MobileResources/HUD/T_Castle_ThumbstickOutter.uasset" 316
"../../../Engine/Content/MobileResources/T_MobileMenu2.uasset" 317
"../../../Engine/Content/MobileResources/HUD/VirtualJoystick_Background.uasset" 318
"../../../Engine/Content/MobileResources/HUD/VirtualJoystick_Thumb.uasset" 319
"../../../Engine/Content/MobileResources/HUD/LeftVirtualJoystickOnly.uasset" 320
"../../../Engine/Content/MobileResources/HUD/MobileHUDButtonFire.uasset" 321
"../../../Engine/Content/MobileResources/HUD/T_Castle_ThumbstickInner.uasset" 322
"../../../Engine/Content/MobileResources/HUD/MobileHUDButton2_off.uasset" 323
"../../../Engine/Content/MobileResources/T_MobileControls_texture.uasset" 324
"../../../Engine/Content/MobileResources/HUD/MobileHUDButton1_off.uasset" 325
"../../../Engine/Content/MobileResources/HUD/MobileHUDDirectionPad2.uasset" 326
"../../../Engine/Content/EditorMaterials/PhAT_JointLimitMaterial.uasset" 327
"../../../Engine/Content/EditorMaterials/PreviewShadowIndicator.uasset" 328
"../../../Engine/Content/EditorMaterials/PreviewShadowIndicatorMaterial.uasset" 329
"../../../Engine/Content/EditorMeshes/ColorCalibrator/M_ChromeBall.uasset" 330
"../../../Engine/Content/EditorMeshes/ColorCalibrator/M_ClearCoat.uasset" 331
"../../../Engine/Content/EditorMeshes/ColorCalibrator/M_ClearCoatBlack.uasset" 332
"../../../Engine/Content/EditorMeshes/ColorCalibrator/T_ColorGrid.uasset" 333
"../../../Engine/Content/EditorMeshes/ColorCalibrator/M_ColorGrid.uasset" 334
"../../../Engine/Content/EditorMeshes/ColorCalibrator/M_GreyBall.uasset" 335
"../../../Engine/Content/EditorMeshes/ColorCalibrator/SM_ColorCalibrator.uasset" 336
"../../../Engine/Content/EditorResources/BSPVertex.uasset" 337
"../../../Engine/Content/EngineDebugMaterials/HeatmapGradient.uasset" 338
"../../../Engine/Content/EngineDebugMaterials/BoneWeightMaterial.uasset" 339
"../../../Engine/Content/EngineDebugMaterials/GeomMaterial.uasset" 340
"../../../Engine/Content/EngineMaterials/EditorBrushMaterial.uasset" 341
"../../../Engine/Content/MobileResources/HUD/AnalogHat.uasset" 342
"../../../Engine/Content/MobileResources/HUD/DefaultVirtualJoysticks.uasset" 343
"../../../Engine/Content/MobileResources/HUD/MobileHUDButton1_on.uasset" 344
"../../../Engine/Content/MobileResources/HUD/MobileHUDDirectionPad3.uasset" 345
"../../../Engine/Content/Tutorial/BlueprintTutorials/TutorialAssets/Blueprint_64x.uasset" 346
"../../../Engine/Content/Tutorial/BlueprintTutorials/BlueprintEditorTutorial.uasset" 347
"../../../Engine/Content/Tutorial/BlueprintTutorials/TutorialAssets/BlueprintInterface_64x.uasset" 348
"../../../Engine/Content/Tutorial/BlueprintTutorials/TutorialAssets/Tutorial_BP_Interface.uasset" 349
"../../../Engine/Content/Tutorial/BlueprintTutorials/BlueprintInterfacesEditorOverview.uasset" 350
"../../../Engine/Content/Tutorial/BlueprintTutorials/TutorialAssets/BlueprintMacroLibrary_64x.uasset" 351
"../../../Engine/Content/Tutorial/BlueprintTutorials/TutorialAssets/Tutorial_BP_MacroLib.uasset" 352
"../../../Engine/Content/Tutorial/BlueprintTutorials/BlueprintMacroLibrariesEditorOverview.uasset" 353
"../../../Engine/Content/Tutorial/BlueprintTutorials/LevelBlueprintEditorOverview.uasset" 354
"../../../Engine/Content/Tutorial/Paper2D/TutorialAssets/Paper2DFlipbook_TutorialIcon.uasset" 355
"../../../Engine/Content/Tutorial/Paper2D/FlipbookEditorTutorial.uasset" 356
"../../../Engine/Content/Tutorial/Paper2D/TutorialAssets/Paper2DSprite_TutorialIcon.uasset" 357
"../../../Engine/Content/Tutorial/Paper2D/SpriteEditorTutorial.uasset" 358
"../../../Engine/Content/EditorMeshes/EditorCube.uasset" 359
"../../../Engine/Content/Tutorial/SubEditors/TutorialAssets/Tutorial_DM.uasset" 360
"../../../Engine/Content/Tutorial/SubEditors/DestructibleMeshEditorTutorial.uasset" 361
"../../../Engine/Content/Tutorial/SubEditors/TutorialAssets/TutorialMaterial.uasset" 362
"../../../Engine/Content/Tutorial/SubEditors/MaterialEditorTutorial.uasset" 363
"../../../Engine/Content/Tutorial/SubEditors/TutorialAssets/T_SmokeSubUV_8X8.uasset" 364
"../../../Engine/Content/Tutorial/SubEditors/TutorialAssets/T_soft_smoke.uasset" 365
"../../../Engine/Content/Tutorial/SubEditors/TutorialAssets/M_smoke_subUV_blackbody.uasset" 366
"../../../Engine/Content/Tutorial/SubEditors/TutorialAssets/TutorialParticleSystem.uasset" 367
"../../../Engine/Content/Tutorial/SubEditors/ParticleSystemEditorTutorial.uasset" 368
"../../../Engine/Content/Tutorial/SubEditors/TutorialAssets/icon_ShowSkeletalMeshes_40x.uasset" 369
"../../../Engine/Content/Tutorial/SubEditors/TutorialAssets/Character/TutorialTPP_Mat.uasset" 370
"../../../Engine/Content/Tutorial/SubEditors/TutorialAssets/Character/TutorialTPP_PhysicsAsset.uasset" 371
"../../../Engine/Content/Tutorial/SubEditors/TutorialAssets/Character/TutorialTPP.uasset" 372
"../../../Engine/Content/Tutorial/SubEditors/TutorialAssets/Character/TutorialTPP_Skeleton.uasset" 373
"../../../Engine/Content/Tutorial/SubEditors/TutorialAssets/Character/Tutorial_Idle.uasset" 374
"../../../Engine/Content/Tutorial/SubEditors/TutorialAssets/Character/Tutorial_Walk_Fwd.uasset" 375
"../../../Engine/Content/Tutorial/SubEditors/TutorialAssets/Character/NewBlendSpace1D.uasset" 376
"../../../Engine/Content/EditorBlueprintResources/StandardMacros.uasset" 377
"../../../Engine/Content/Tutorial/SubEditors/TutorialAssets/Character/TutorialCharacter.uasset" 378
"../../../Engine/Content/Tutorial/SubEditors/TutorialAssets/Character/TutorialTPP_AnimBlueprint.uasset" 379
"../../../Engine/Content/Tutorial/SubEditors/PersonaAnimBlueprintEditorWalkthrough.uasset" 380
"../../../Engine/Content/Tutorial/SubEditors/PersonaAnimEditorWalkthrough.uasset" 381
"../../../Engine/Content/EngineMeshes/Cube.uasset" 382
"../../../Engine/Content/Tutorial/SubEditors/StaticMeshEditorTutorial.uasset" 383
"../../../Engine/Content/Tutorial/SubEditors/TutorialAssets/icon_Editor_Preferences_General_40x.uasset" 384
